2025-03-01 04:02:26,646 - INFO - Descargado exitosamente: Programa_INAE_II_2018_1.pdf
2025-03-01 04:02:26,753 - INFO - Descargado exitosamente: u1l1.pdf
2025-03-01 04:02:27,614 - INFO - Descargado exitosamente: 511.pdf
2025-03-01 04:02:27,880 - INFO - Descargado exitosamente: engels_origen_familia_interior_alta.pdf
2025-03-01 04:02:28,772 - INFO - Descargado exitosamente: El-Capital-Vol-2-Libro-I-Karl-Marx.pdf
2025-03-01 04:02:28,882 - INFO - Archivo engels_origen_familia_interior_alta.pdf ya existe, omitiendo descarga
2025-03-01 04:02:30,050 - INFO - Descargado exitosamente: u1l2.pdf
2025-03-01 04:02:30,183 - ERROR - Error al descargar http://ru.iiec.unam.mx/166/1/Revoluci%C3%B3n_mexicana-revoluci%C3%B3n_pasiva.pdf: Status 404
2025-03-01 04:02:30,521 - INFO - Descargado exitosamente: 512.pdf
2025-03-01 04:02:30,727 - INFO - Descargado exitosamente: El-Capital-Vol-3-Libro-I-Karl-Marx.pdf
2025-03-01 04:02:31,358 - ERROR - Error al descargar http://ru.iiec.unam.mx/166/1/Revoluci%C3%B3n_mexicana-revoluci%C3%B3n_pasiva.pdf: Status 404
2025-03-01 04:02:33,034 - INFO - Descargado exitosamente: RCE6.pdf
2025-03-01 04:02:33,216 - INFO - Descargado exitosamente: 513.pdf
2025-03-01 04:02:33,326 - INFO - Descargado exitosamente: u1l3.pdf
2025-03-01 04:02:33,833 - INFO - Descargado exitosamente: 99645393011.pdf
2025-03-01 04:02:34,328 - INFO - Archivo u1l3.pdf ya existe, omitiendo descarga
2025-03-01 04:02:34,835 - INFO - Archivo 99645393011.pdf ya existe, omitiendo descarga
2025-03-01 04:02:35,890 - INFO - Descargado exitosamente: u1l4.pdf
2025-03-01 04:02:36,417 - INFO - Descargado exitosamente: 514.pdf
2025-03-01 04:02:36,795 - INFO - Descargado exitosamente: u2l1.pdf
2025-03-01 04:02:36,880 - INFO - Descargado exitosamente: S2001711_es.pdf
2025-03-01 04:02:37,881 - INFO - Archivo u1l3.pdf ya existe, omitiendo descarga
2025-03-01 04:02:38,393 - INFO - Descargado exitosamente: 515.pdf
2025-03-01 04:02:39,019 - INFO - Descargado exitosamente: u1l5.pdf
2025-03-01 04:02:40,080 - INFO - Descargado exitosamente: u2l2.pdf
2025-03-01 04:02:40,703 - INFO - Descargado exitosamente: 516.pdf
2025-03-01 04:02:42,264 - INFO - Descargado exitosamente: u1l6.pdf
2025-03-01 04:02:42,587 - INFO - Descargado exitosamente: u1l7.pdf
2025-03-01 04:02:42,991 - INFO - Descargado exitosamente: u2l3.pdf
2025-03-01 04:02:43,265 - INFO - Archivo u2l1.pdf ya existe, omitiendo descarga
2025-03-01 04:02:44,172 - INFO - Descargado exitosamente: 82332932006.pdf
2025-03-01 04:02:44,266 - INFO - Archivo u2l2.pdf ya existe, omitiendo descarga
2025-03-01 04:02:44,852 - INFO - Descargado exitosamente: u2l4.pdf
2025-03-01 04:02:45,268 - INFO - Archivo u2l3.pdf ya existe, omitiendo descarga
2025-03-01 04:02:45,852 - INFO - Archivo u2l4.pdf ya existe, omitiendo descarga
2025-03-01 04:02:46,100 - INFO - Descargado exitosamente: 19654017010.pdf
2025-03-01 04:02:46,798 - INFO - Descargado exitosamente: 521.pdf
2025-03-01 04:02:48,103 - INFO - Descargado exitosamente: antipoda1.pdf
2025-03-01 04:02:48,604 - INFO - Descargado exitosamente: colcord.pdf
2025-03-01 04:02:48,717 - INFO - Descargado exitosamente: u3l1.pdf
2025-03-01 04:02:50,307 - INFO - Descargado exitosamente: 522.pdf
2025-03-01 04:02:50,498 - ERROR - Error al descargar https://www.cepal.org/sites/default/files/publication/files/4779/S2011086_es.pdf: Status 404
2025-03-01 04:02:50,820 - INFO - Descargado exitosamente: el-desarrollo-del-capitalismo-en-rusia.pdf
2025-03-01 04:02:51,609 - INFO - Descargado exitosamente: u2l5.pdf
2025-03-01 04:02:52,145 - INFO - Descargado exitosamente: internacionalizacionkibs.pdf
2025-03-01 04:02:52,611 - INFO - Archivo u1l3.pdf ya existe, omitiendo descarga
2025-03-01 04:02:52,948 - INFO - Descargado exitosamente: u3l2.pdf
2025-03-01 04:02:53,429 - INFO - Descargado exitosamente: 523.pdf
2025-03-01 04:02:53,612 - INFO - Archivo u1l4.pdf ya existe, omitiendo descarga
2025-03-01 04:02:53,642 - INFO - Descargado exitosamente: davi0602.pdf
2025-03-01 04:02:54,077 - INFO - Descargado exitosamente: 181630.pdf
2025-03-01 04:02:54,495 - INFO - Descargado exitosamente: u3l3.pdf
2025-03-01 04:02:54,613 - INFO - Archivo u1l6.pdf ya existe, omitiendo descarga
2025-03-01 04:02:55,078 - INFO - Archivo u1l4.pdf ya existe, omitiendo descarga
2025-03-01 04:02:55,096 - INFO - Descargado exitosamente: u3l4.pdf
2025-03-01 04:02:55,497 - INFO - Archivo u3l3.pdf ya existe, omitiendo descarga
2025-03-01 04:02:55,615 - INFO - Archivo u1l6.pdf ya existe, omitiendo descarga
2025-03-01 04:02:56,097 - INFO - Archivo u1l1.pdf ya existe, omitiendo descarga
2025-03-01 04:02:56,498 - INFO - Archivo u3l4.pdf ya existe, omitiendo descarga
2025-03-01 04:02:57,098 - INFO - Archivo u1l2.pdf ya existe, omitiendo descarga
2025-03-01 04:02:57,537 - INFO - Descargado exitosamente: 524.pdf
2025-03-01 04:02:57,772 - INFO - Descargado exitosamente: romero8010.pdf
2025-03-01 04:02:58,099 - INFO - Archivo u1l4.pdf ya existe, omitiendo descarga
2025-03-01 04:02:58,117 - INFO - Descargado exitosamente: GONZALEZCASANOVAYOCTAVIOIANNI.pdf
2025-03-01 04:02:59,100 - INFO - Archivo u1l5.pdf ya existe, omitiendo descarga
2025-03-01 04:02:59,120 - INFO - Archivo GONZALEZCASANOVAYOCTAVIOIANNI.pdf ya existe, omitiendo descarga
2025-03-01 04:02:59,855 - INFO - Descargado exitosamente: Las%20reformas%20coti_214.pdf
2025-03-01 04:03:00,101 - INFO - Archivo u1l6.pdf ya existe, omitiendo descarga
2025-03-01 04:03:01,102 - INFO - Archivo u1l6.pdf ya existe, omitiendo descarga
2025-03-01 04:03:01,186 - INFO - Descargado exitosamente: 525.pdf
2025-03-01 04:03:01,777 - INFO - Descargado exitosamente: MARCOSKAPLAN.pdf
2025-03-01 04:03:01,936 - ERROR - Error al descargar https://www.miteco.gob.es/ministerio/pags/biblioteca/fondo/pdf/90076_all.pdf: Status 404
2025-03-01 04:03:02,103 - INFO - Archivo u2l1.pdf ya existe, omitiendo descarga
2025-03-01 04:03:02,778 - INFO - Archivo MARCOSKAPLAN.pdf ya existe, omitiendo descarga
2025-03-01 04:03:02,937 - INFO - Archivo u1l2.pdf ya existe, omitiendo descarga
2025-03-01 04:03:03,105 - INFO - Archivo u2l4.pdf ya existe, omitiendo descarga
2025-03-01 04:03:03,779 - INFO - Archivo u3l1.pdf ya existe, omitiendo descarga
2025-03-01 04:03:03,939 - INFO - Archivo u1l3.pdf ya existe, omitiendo descarga
2025-03-01 04:03:04,203 - INFO - Descargado exitosamente: 526.pdf
2025-03-01 04:03:04,781 - INFO - Archivo u3l1.pdf ya existe, omitiendo descarga
2025-03-01 04:03:04,941 - INFO - Archivo u1l6.pdf ya existe, omitiendo descarga
2025-03-01 04:03:05,782 - INFO - Archivo u3l2.pdf ya existe, omitiendo descarga
2025-03-01 04:03:05,942 - INFO - Archivo u2l1.pdf ya existe, omitiendo descarga
2025-03-01 04:03:05,987 - INFO - Descargado exitosamente: u3l6.pdf
2025-03-01 04:03:06,073 - INFO - Descargado exitosamente: 527.pdf
2025-03-01 04:03:06,784 - INFO - Archivo u3l2.pdf ya existe, omitiendo descarga
2025-03-01 04:03:06,943 - INFO - Archivo u2l1.pdf ya existe, omitiendo descarga
2025-03-01 04:03:07,785 - INFO - Archivo u3l3.pdf ya existe, omitiendo descarga
2025-03-01 04:03:07,944 - INFO - Archivo u2l2.pdf ya existe, omitiendo descarga
2025-03-01 04:03:08,366 - INFO - Descargado exitosamente: u3l5.pdf
2025-03-01 04:03:08,712 - INFO - Descargado exitosamente: 528.pdf
2025-03-01 04:03:08,945 - INFO - Archivo u2l2.pdf ya existe, omitiendo descarga
2025-03-01 04:03:09,367 - INFO - Archivo u3l4.pdf ya existe, omitiendo descarga
2025-03-01 04:03:09,946 - INFO - Archivo u2l3.pdf ya existe, omitiendo descarga
2025-03-01 04:03:10,369 - INFO - Archivo u3l3.pdf ya existe, omitiendo descarga
2025-03-01 04:03:10,801 - INFO - Descargado exitosamente: 5210.pdf
2025-03-01 04:03:10,947 - INFO - Archivo u2l3.pdf ya existe, omitiendo descarga
2025-03-01 04:03:11,370 - INFO - Archivo u3l2.pdf ya existe, omitiendo descarga
2025-03-01 04:03:11,915 - ERROR - Error al descargar http://herzog.economia.unam.mx/academia/inae/pdf/inae5/5211.pdf: Status 404
2025-03-01 04:03:12,371 - INFO - Archivo u3l1.pdf ya existe, omitiendo descarga
2025-03-01 04:03:14,591 - INFO - Descargado exitosamente: u2l6.pdf
2025-03-01 04:03:15,554 - INFO - Descargado exitosamente: 5213.pdf
2025-03-01 04:03:15,593 - INFO - Archivo u2l6.pdf ya existe, omitiendo descarga
2025-03-01 04:03:18,392 - INFO - Descargado exitosamente: reyromaybenito.pdf
2025-03-01 04:03:19,336 - INFO - Descargado exitosamente: 5214.pdf
2025-03-01 04:03:19,393 - INFO - Archivo reyromaybenito.pdf ya existe, omitiendo descarga
2025-03-01 04:03:20,396 - INFO - Archivo u3l1.pdf ya existe, omitiendo descarga
2025-03-01 04:03:21,397 - INFO - Archivo u3l1.pdf ya existe, omitiendo descarga
2025-03-01 04:03:22,320 - INFO - Descargado exitosamente: 5215.pdf
2025-03-01 04:03:22,398 - INFO - Archivo u3l2.pdf ya existe, omitiendo descarga
2025-03-01 04:03:23,400 - INFO - Archivo u3l2.pdf ya existe, omitiendo descarga
2025-03-01 04:03:24,401 - INFO - Archivo u3l3.pdf ya existe, omitiendo descarga
2025-03-01 04:03:25,403 - INFO - Archivo u3l3.pdf ya existe, omitiendo descarga
2025-03-01 04:03:26,251 - INFO - Descargado exitosamente: 5216.pdf
2025-03-01 04:03:26,404 - INFO - Archivo u3l4.pdf ya existe, omitiendo descarga
2025-03-01 04:03:29,560 - INFO - Descargado exitosamente: c1.pdf
2025-03-01 04:03:31,246 - INFO - Descargado exitosamente: 532.pdf
2025-03-01 04:03:32,248 - INFO - Archivo u3l3.pdf ya existe, omitiendo descarga
2025-03-01 04:03:32,600 - INFO - Descargado exitosamente: c2.pdf
2025-03-01 04:03:34,441 - INFO - Descargado exitosamente: 534.pdf
2025-03-01 04:03:35,563 - ERROR - Error al descargar http://herzog.economia.unam.mx/academia/inae/pdf/inae5/535.pdf: Status 404
2025-03-01 04:03:35,622 - INFO - Descargado exitosamente: c3.pdf
2025-03-01 04:03:36,685 - ERROR - Error al descargar http://herzog.economia.unam.mx/academia/inae/pdf/inae5/536.pdf: Status 404
2025-03-01 04:03:39,162 - INFO - Descargado exitosamente: 537.pdf
2025-03-01 04:03:39,177 - INFO - Descargado exitosamente: c4.pdf
2025-03-01 04:03:42,597 - INFO - Descargado exitosamente: c5.pdf
2025-03-01 04:03:46,110 - INFO - Descargado exitosamente: c6.pdf
2025-03-01 04:03:49,575 - INFO - Descargado exitosamente: c7.pdf
2025-03-01 04:03:50,577 - INFO - Archivo u3l1.pdf ya existe, omitiendo descarga
2025-03-01 04:03:51,579 - INFO - Archivo u3l2.pdf ya existe, omitiendo descarga
2025-03-01 04:03:52,581 - INFO - Archivo u3l3.pdf ya existe, omitiendo descarga
2025-03-01 04:03:53,582 - INFO - Archivo u3l4.pdf ya existe, omitiendo descarga
